%****************************************************************************************************
Liftdyn version 8.0.16186.1
%****************************************************************************************************
%
% Model Input File:      C:\Data\Ruben\Python\game_setdown_2d\liftdyn\model.inp
% Input File created on: 07-Jun-2018 17:18:35
%
%****************************************************************************************************
%****************************************************************************************************
%
%
%
%----------------------------------------------------------------------------------------------------
%----------------------------------------------------------------------------------------------------
%
% Mode Shapes
%
%----------------------------------------------------------------------------------------------------
%----------------------------------------------------------------------------------------------------
%
           Mode Shape   Nat. Freq. [rad/s]     Nat. Period [s]
              1                 0.00              1400.83
              2                 0.04               145.66
              3                 0.05               134.26
              4                 0.05               128.70
              5                 0.06               108.16
              6                 0.07                86.94
              7                 0.22                28.90
              8                 0.26                23.92
              9                 0.27                23.63
             10                 0.52                12.06
             11                 0.52                12.05
             12                 0.53                11.82
             13                 0.56                11.27
             14                 0.92                 6.82
             15                 0.96                 6.54
             16                 1.17                 5.37
             17                 7.31                 0.86
             18                 7.59                 0.83
             19                27.00                 0.23
             20                27.04                 0.23
%
%----------------------------------------------------------------------------------------------------
%----------------------------------------------------------------------------------------------------
%
Mode Shape                                            1         2         3         4         5         6
%
Natural Period                                1400.8297  145.6606  134.2561  128.6998  108.1645   86.9414
%
Scale Factor                                   1.00E+00  1.00E+00  1.00E+00  1.00E+00  1.00E+00  1.00E+00
%
DX-Motion   [m] of Body: Sleipnir_SB_Main_Block    0.0000    0.0000    0.0000    0.0179   -5.8019   -2.5927
DY-Motion   [m] of Body: Sleipnir_SB_Main_Block    0.0000    0.0000    0.0000    5.7804   -0.0021   -5.6819
DZ-Motion   [m] of Body: Sleipnir_SB_Main_Block    0.0000    0.0000    0.0000   -0.0229    0.0083    0.7824
RX-Motion [deg] of Body: Sleipnir_SB_Main_Block    0.0000    0.0000    0.0000    0.0000   -0.0000   -0.0000
RY-Motion [deg] of Body: Sleipnir_SB_Main_Block    0.0000    0.0000    0.0000    0.0000   -0.0000   -0.0000
RZ-Motion [deg] of Body: Sleipnir_SB_Main_Block    0.0000    0.0000    0.0000    0.0000   -0.0000   -0.0000
DX-Motion   [m] of Body: Sleipnir_PS_Main_Block    0.0000    0.0000    0.0000   -0.0180   -5.8000    2.6090
DY-Motion   [m] of Body: Sleipnir_PS_Main_Block    0.0000    0.0000    0.0000    5.7804   -0.0021   -5.6819
DZ-Motion   [m] of Body: Sleipnir_PS_Main_Block    0.0000    0.0000    0.0000    0.0231    0.0077   -0.8021
RX-Motion [deg] of Body: Sleipnir_PS_Main_Block    0.0000    0.0000    0.0000   -0.0000    0.0000   -0.0000
RY-Motion [deg] of Body: Sleipnir_PS_Main_Block    0.0000    0.0000    0.0000    0.0000    0.0000   -0.0000
RZ-Motion [deg] of Body: Sleipnir_PS_Main_Block    0.0000    0.0000    0.0000    0.0000   -0.0000    0.0000
DX-Motion   [m] of Body: Sleipnir_SB_Boom        0.0000    0.0000    0.0000    0.0178   -5.7282   -2.5444
DY-Motion   [m] of Body: Sleipnir_SB_Boom        0.0000    0.0000    0.0000    5.7369   -0.0019   -5.1506
DZ-Motion   [m] of Body: Sleipnir_SB_Boom        0.0000    0.0000    0.0000   -0.0229    0.0073    0.7833
RX-Motion [deg] of Body: Sleipnir_SB_Boom        0.0000    0.0000    0.0000    0.0390   -0.0005   -1.3447
RY-Motion [deg] of Body: Sleipnir_SB_Boom        0.0000    0.0000    0.0000   -0.0000   -0.0045    0.0045
RZ-Motion [deg] of Body: Sleipnir_SB_Boom        0.0000    0.0000    0.0000    0.0302   -0.0016   -4.3299
DX-Motion   [m] of Body: Sleipnir_PS_Boom        0.0000    0.0000    0.0000   -0.0178   -5.7264    2.5572
DY-Motion   [m] of Body: Sleipnir_PS_Boom        0.0000    0.0000    0.0000    5.7369   -0.0019   -5.1506
DZ-Motion   [m] of Body: Sleipnir_PS_Boom        0.0000    0.0000    0.0000    0.0230    0.0068   -0.8010
RX-Motion [deg] of Body: Sleipnir_PS_Boom        0.0000    0.0000    0.0000    0.0390   -0.0005   -1.3447
RY-Motion [deg] of Body: Sleipnir_PS_Boom        0.0000    0.0000    0.0000   -0.0000   -0.0045    0.0049
RZ-Motion [deg] of Body: Sleipnir_PS_Boom        0.0000    0.0000    0.0000    0.0302   -0.0016   -4.3299
DX-Motion   [m] of Body: H302                   -0.0000  -10.0000   -0.0000    0.0000    0.0000    0.0000
DY-Motion   [m] of Body: H302                    0.0000   -0.0000   10.0000    0.0000    0.0000    0.0000
DZ-Motion   [m] of Body: H302                    0.0000   -0.0000    0.0000    0.0000    0.0000    0.0000
RX-Motion [deg] of Body: H302                   -0.0000    0.0000   -0.0035    0.0000    0.0000    0.0000
RY-Motion [deg] of Body: H302                    0.0025   -0.0087   -0.0000    0.0000    0.0000    0.0000
RZ-Motion [deg] of Body: H302                   10.0000   -0.0156   -0.0000    0.0000    0.0000    0.0000
DX-Motion   [m] of Body: Sleipnir                0.0000    0.0000    0.0000    0.0000   -5.7183    0.0018
DY-Motion   [m] of Body: Sleipnir                0.0000    0.0000    0.0000    5.7594    0.0002    0.3025
DZ-Motion   [m] of Body: Sleipnir                0.0000    0.0000    0.0000    0.0000   -0.0012   -0.0015
RX-Motion [deg] of Body: Sleipnir                0.0000    0.0000    0.0000    0.0390   -0.0005   -1.3447
RY-Motion [deg] of Body: Sleipnir                0.0000    0.0000    0.0000   -0.0000   -0.0043    0.0047
RZ-Motion [deg] of Body: Sleipnir                0.0000    0.0000    0.0000    0.0302   -0.0016   -4.3299
%
%
Mode Shape                                            7         8         9        10        11        12
%
Natural Period                                  28.9030   23.9212   23.6329   12.0574   12.0544   11.8215
%
Scale Factor                                   1.00E+00  1.00E+00  1.00E+00  1.00E+00  1.00E+00  1.00E+00
%
DX-Motion   [m] of Body: Sleipnir_SB_Main_Block    0.0604   -6.1469   -5.2648    7.0691    0.0000   -7.0662
DY-Motion   [m] of Body: Sleipnir_SB_Main_Block    6.7654   -0.0164    0.0055   -0.1259    7.0711    0.0002
DZ-Motion   [m] of Body: Sleipnir_SB_Main_Block    1.3140    1.9789    4.2238    0.0018   -0.0000   -0.2315
RX-Motion [deg] of Body: Sleipnir_SB_Main_Block   -0.0000   -0.0000   -0.0000    0.0000   -0.0000    0.0000
RY-Motion [deg] of Body: Sleipnir_SB_Main_Block   -0.0000   -0.0000   -0.0000   -0.0000   -0.0000    0.0000
RZ-Motion [deg] of Body: Sleipnir_SB_Main_Block    0.0000   -0.0000    0.0000   -0.0000   -0.0000   -0.0000
DX-Motion   [m] of Body: Sleipnir_PS_Main_Block   -0.0613   -6.1471   -5.2650   -7.0708   -0.0000   -7.0658
DY-Motion   [m] of Body: Sleipnir_PS_Main_Block    6.7654   -0.0164    0.0055   -0.1259   -7.0711    0.0002
DZ-Motion   [m] of Body: Sleipnir_PS_Main_Block   -1.3155    1.9850    4.2219   -0.0018   -0.0000   -0.2314
RX-Motion [deg] of Body: Sleipnir_PS_Main_Block   -0.0000    0.0000    0.0000    0.0000    0.0000   -0.0000
RY-Motion [deg] of Body: Sleipnir_PS_Main_Block   -0.0000    0.0000    0.0000    0.0000    0.0000   -0.0000
RZ-Motion [deg] of Body: Sleipnir_PS_Main_Block    0.0000   -0.0000   -0.0000   -0.0000   -0.0000    0.0000
DX-Motion   [m] of Body: Sleipnir_SB_Boom        0.0501   -3.9021   -3.3188    0.0008    0.0000    0.2444
DY-Motion   [m] of Body: Sleipnir_SB_Boom        4.8011   -0.0105    0.0035   -0.0014   -0.0000   -0.0000
DZ-Motion   [m] of Body: Sleipnir_SB_Boom        1.3138    1.5731    3.8815    0.0034    0.0000   -0.2096
RX-Motion [deg] of Body: Sleipnir_SB_Boom       -2.2314    0.0051   -0.0016   -0.0119   -0.0000    0.0000
RY-Motion [deg] of Body: Sleipnir_SB_Boom       -0.0005   -1.9824   -1.6705    0.0077    0.0000    0.1063
RZ-Motion [deg] of Body: Sleipnir_SB_Boom        0.0862    0.0001    0.0001   -0.0134   -0.0000    0.0000
DX-Motion   [m] of Body: Sleipnir_PS_Boom       -0.0507   -3.9022   -3.3188   -0.0009   -0.0000    0.2444
DY-Motion   [m] of Body: Sleipnir_PS_Boom        4.8011   -0.0105    0.0035   -0.0014   -0.0000   -0.0000
DZ-Motion   [m] of Body: Sleipnir_PS_Boom       -1.3153    1.5791    3.8796   -0.0034   -0.0000   -0.2096
RX-Motion [deg] of Body: Sleipnir_PS_Boom       -2.2314    0.0051   -0.0016   -0.0119   -0.0000    0.0000
RY-Motion [deg] of Body: Sleipnir_PS_Boom        0.0001   -1.9824   -1.6705   -0.0076   -0.0000    0.1063
RZ-Motion [deg] of Body: Sleipnir_PS_Boom        0.0862    0.0001    0.0001   -0.0134   -0.0000    0.0000
DX-Motion   [m] of Body: H302                    0.0000    0.0000    0.0000    0.0000    0.0000    0.0000
DY-Motion   [m] of Body: H302                    0.0000    0.0000    0.0000    0.0000    0.0000    0.0000
DZ-Motion   [m] of Body: H302                    0.0000    0.0000    0.0000    0.0000    0.0000    0.0000
RX-Motion [deg] of Body: H302                    0.0000    0.0000    0.0000    0.0000    0.0000    0.0000
RY-Motion [deg] of Body: H302                    0.0000    0.0000    0.0000    0.0000    0.0000    0.0000
RZ-Motion [deg] of Body: H302                    0.0000    0.0000    0.0000    0.0000    0.0000    0.0000
DX-Motion   [m] of Body: Sleipnir                0.0000    0.1443    0.0899    0.0000    0.0000    0.0210
DY-Motion   [m] of Body: Sleipnir                0.0856   -0.0002    0.0001   -0.0005   -0.0000   -0.0000
DZ-Motion   [m] of Body: Sleipnir               -0.0037   -2.1799    0.7172   -0.0000    0.0000    0.0019
RX-Motion [deg] of Body: Sleipnir               -2.2314    0.0051   -0.0016   -0.0119   -0.0000    0.0000
RY-Motion [deg] of Body: Sleipnir               -0.0002   -1.9849   -1.6714    0.0000    0.0000    0.1136
RZ-Motion [deg] of Body: Sleipnir                0.0862    0.0001    0.0001   -0.0134   -0.0000    0.0000
%
%
Mode Shape                                           13        14        15        16        17        18
%
Natural Period                                  11.2651    6.8246    6.5444    5.3720    0.8600    0.8276
%
Scale Factor                                   1.00E+00  1.00E+00  1.00E+00  1.00E+00  1.00E+00  1.00E+00
%
DX-Motion   [m] of Body: Sleipnir_SB_Main_Block   -0.1569    0.0000    0.0000    0.0000    0.0432    0.0398
DY-Motion   [m] of Body: Sleipnir_SB_Main_Block   -7.0608    0.0000    0.0000    0.0000   -0.0000   -0.0000
DZ-Motion   [m] of Body: Sleipnir_SB_Main_Block    0.2216    0.0000    0.0000    0.0000    4.1836    3.9739
RX-Motion [deg] of Body: Sleipnir_SB_Main_Block   -0.0000    0.0000    0.0000    0.0000   -0.0000    0.0000
RY-Motion [deg] of Body: Sleipnir_SB_Main_Block   -0.0000    0.0000    0.0000    0.0000   -0.0000   -0.0000
RZ-Motion [deg] of Body: Sleipnir_SB_Main_Block   -0.0000    0.0000    0.0000    0.0000    0.0000   -0.0000
DX-Motion   [m] of Body: Sleipnir_PS_Main_Block    0.1553    0.0000    0.0000    0.0000   -0.0432    0.0398
DY-Motion   [m] of Body: Sleipnir_PS_Main_Block   -7.0608    0.0000    0.0000    0.0000   -0.0000   -0.0000
DZ-Motion   [m] of Body: Sleipnir_PS_Main_Block   -0.2213    0.0000    0.0000    0.0000   -4.1841    3.9733
RX-Motion [deg] of Body: Sleipnir_PS_Main_Block    0.0000    0.0000    0.0000    0.0000    0.0000    0.0000
RY-Motion [deg] of Body: Sleipnir_PS_Main_Block   -0.0000    0.0000    0.0000    0.0000   -0.0000    0.0000
RZ-Motion [deg] of Body: Sleipnir_PS_Main_Block    0.0000    0.0000    0.0000    0.0000    0.0000   -0.0000
DX-Motion   [m] of Body: Sleipnir_SB_Boom        0.0229    0.0000    0.0000    0.0000   -6.4685   -6.3774
DY-Motion   [m] of Body: Sleipnir_SB_Boom        0.8866    0.0000    0.0000    0.0000    0.0064    0.0001
DZ-Motion   [m] of Body: Sleipnir_SB_Boom        0.2214    0.0000    0.0000    0.0000    2.6869    2.4386
RX-Motion [deg] of Body: Sleipnir_SB_Boom       -0.3751    0.0000    0.0000    0.0000    0.0449    0.0000
RY-Motion [deg] of Body: Sleipnir_SB_Boom       -0.0005    0.0000    0.0000    0.0000   -5.6997   -5.8468
RZ-Motion [deg] of Body: Sleipnir_SB_Boom        0.0398    0.0000    0.0000    0.0000    0.0533    0.0001
DX-Motion   [m] of Body: Sleipnir_PS_Boom       -0.0227    0.0000    0.0000    0.0000    6.4695   -6.3765
DY-Motion   [m] of Body: Sleipnir_PS_Boom        0.8866    0.0000    0.0000    0.0000    0.0064    0.0001
DZ-Motion   [m] of Body: Sleipnir_PS_Boom       -0.2210    0.0000    0.0000    0.0000   -2.6873    2.4383
RX-Motion [deg] of Body: Sleipnir_PS_Boom       -0.3751    0.0000    0.0000    0.0000    0.0449    0.0000
RY-Motion [deg] of Body: Sleipnir_PS_Boom        0.0006    0.0000    0.0000    0.0000    5.7005   -5.8459
RZ-Motion [deg] of Body: Sleipnir_PS_Boom        0.0398    0.0000    0.0000    0.0000    0.0533    0.0001
DX-Motion   [m] of Body: H302                    0.0000    0.0000    0.0000   -0.0970    0.0000    0.0000
DY-Motion   [m] of Body: H302                    0.0000    0.9495   -0.0827    0.0000    0.0000    0.0000
DZ-Motion   [m] of Body: H302                    0.0000   -0.1506   -9.9589    0.0000    0.0000    0.0000
RX-Motion [deg] of Body: H302                    0.0000    9.9537   -0.9021   -0.0000    0.0000    0.0000
RY-Motion [deg] of Body: H302                    0.0000   -0.0000   -0.0000    9.9995    0.0000    0.0000
RZ-Motion [deg] of Body: H302                    0.0000    0.0000   -0.0000    0.0006    0.0000    0.0000
DX-Motion   [m] of Body: Sleipnir               -0.0000    0.0000    0.0000    0.0000   -0.0000    0.0913
DY-Motion   [m] of Body: Sleipnir                0.0460    0.0000    0.0000    0.0000   -0.0029   -0.0000
DZ-Motion   [m] of Body: Sleipnir               -0.0002    0.0000    0.0000    0.0000    0.0000   -0.0315
RX-Motion [deg] of Body: Sleipnir               -0.3751    0.0000    0.0000    0.0000    0.0449    0.0000
RY-Motion [deg] of Body: Sleipnir                0.0000    0.0000    0.0000    0.0000   -0.0000    0.2210
RZ-Motion [deg] of Body: Sleipnir                0.0398    0.0000    0.0000    0.0000    0.0533    0.0001
%
%
Mode Shape                                           19        20
%
Natural Period                                   0.2327    0.2324
%
Scale Factor                                   1.00E+00  1.00E+00
%
DX-Motion   [m] of Body: Sleipnir_SB_Main_Block   -0.0004    0.0004
DY-Motion   [m] of Body: Sleipnir_SB_Main_Block    0.0000   -0.0000
DZ-Motion   [m] of Body: Sleipnir_SB_Main_Block    7.0228   -7.0309
RX-Motion [deg] of Body: Sleipnir_SB_Main_Block   -0.0000    0.0000
RY-Motion [deg] of Body: Sleipnir_SB_Main_Block    0.0000    0.0000
RZ-Motion [deg] of Body: Sleipnir_SB_Main_Block    0.0000    0.0000
DX-Motion   [m] of Body: Sleipnir_PS_Main_Block    0.0004    0.0004
DY-Motion   [m] of Body: Sleipnir_PS_Main_Block    0.0000   -0.0000
DZ-Motion   [m] of Body: Sleipnir_PS_Main_Block   -7.0298   -7.0239
RX-Motion [deg] of Body: Sleipnir_PS_Main_Block    0.0000    0.0000
RY-Motion [deg] of Body: Sleipnir_PS_Main_Block   -0.0000   -0.0000
RZ-Motion [deg] of Body: Sleipnir_PS_Main_Block    0.0000    0.0000
DX-Motion   [m] of Body: Sleipnir_SB_Boom        0.9019   -0.8946
DY-Motion   [m] of Body: Sleipnir_SB_Boom       -0.0493    0.0001
DZ-Motion   [m] of Body: Sleipnir_SB_Boom       -0.3888    0.4111
RX-Motion [deg] of Body: Sleipnir_SB_Boom        0.0185   -0.0000
RY-Motion [deg] of Body: Sleipnir_SB_Boom        0.7939   -0.7849
RZ-Motion [deg] of Body: Sleipnir_SB_Boom       -0.0060    0.0000
DX-Motion   [m] of Body: Sleipnir_PS_Boom       -0.9028   -0.8937
DY-Motion   [m] of Body: Sleipnir_PS_Boom       -0.0493    0.0001
DZ-Motion   [m] of Body: Sleipnir_PS_Boom        0.3892    0.4107
RX-Motion [deg] of Body: Sleipnir_PS_Boom        0.0185   -0.0000
RY-Motion [deg] of Body: Sleipnir_PS_Boom       -0.7947   -0.7841
RZ-Motion [deg] of Body: Sleipnir_PS_Boom       -0.0060    0.0000
DX-Motion   [m] of Body: H302                    0.0000    0.0000
DY-Motion   [m] of Body: H302                    0.0000    0.0000
DZ-Motion   [m] of Body: H302                    0.0000    0.0000
RX-Motion [deg] of Body: H302                    0.0000    0.0000
RY-Motion [deg] of Body: H302                    0.0000    0.0000
RZ-Motion [deg] of Body: H302                    0.0000    0.0000
DX-Motion   [m] of Body: Sleipnir                0.0000    0.0157
DY-Motion   [m] of Body: Sleipnir               -0.0002   -0.0000
DZ-Motion   [m] of Body: Sleipnir                0.0000    0.0134
RX-Motion [deg] of Body: Sleipnir                0.0185   -0.0000
RY-Motion [deg] of Body: Sleipnir               -0.0000   -0.0169
RZ-Motion [deg] of Body: Sleipnir               -0.0060    0.0000
%
%
%
%
%
%
%
%
%----------------------------------------------------------------------------------------------------
%----------------------------------------------------------------------------------------------------
%
% Static Response
%
%----------------------------------------------------------------------------------------------------
%----------------------------------------------------------------------------------------------------
%
Static Response                                                 1
%
Load Case                                      static equilibrium
%
Scale Factor                                           1.0000E+00
DX-Motion   [m] of Body: Sleipnir_SB_Main_Block          7.0022E-01
DY-Motion   [m] of Body: Sleipnir_SB_Main_Block          1.9805E-01
DZ-Motion   [m] of Body: Sleipnir_SB_Main_Block         -7.4510E-01
RX-Motion [deg] of Body: Sleipnir_SB_Main_Block          2.5639E-07
RY-Motion [deg] of Body: Sleipnir_SB_Main_Block          9.7145E-07
RZ-Motion [deg] of Body: Sleipnir_SB_Main_Block         -2.7322E-07
DX-Motion   [m] of Body: Sleipnir_PS_Main_Block          8.7624E-01
DY-Motion   [m] of Body: Sleipnir_PS_Main_Block          1.9805E-01
DZ-Motion   [m] of Body: Sleipnir_PS_Main_Block         -9.9975E-01
RX-Motion [deg] of Body: Sleipnir_PS_Main_Block         -2.4648E-07
RY-Motion [deg] of Body: Sleipnir_PS_Main_Block          7.4221E-07
RZ-Motion [deg] of Body: Sleipnir_PS_Main_Block          2.0907E-07
DX-Motion   [m] of Body: Sleipnir_SB_Boom              5.8389E-01
DY-Motion   [m] of Body: Sleipnir_SB_Boom              1.5405E-01
DZ-Motion   [m] of Body: Sleipnir_SB_Boom             -6.7610E-01
RX-Motion [deg] of Body: Sleipnir_SB_Boom             -2.1616E-01
RY-Motion [deg] of Body: Sleipnir_SB_Boom              3.3719E-01
RZ-Motion [deg] of Body: Sleipnir_SB_Boom             -1.4941E-01
DX-Motion   [m] of Body: Sleipnir_PS_Boom              7.5990E-01
DY-Motion   [m] of Body: Sleipnir_PS_Boom              1.5405E-01
DZ-Motion   [m] of Body: Sleipnir_PS_Boom             -9.3075E-01
RX-Motion [deg] of Body: Sleipnir_PS_Boom             -2.1616E-01
RY-Motion [deg] of Body: Sleipnir_PS_Boom              3.3719E-01
RZ-Motion [deg] of Body: Sleipnir_PS_Boom             -1.4941E-01
DX-Motion   [m] of Body: H302                          0.0000E+00
DY-Motion   [m] of Body: H302                          0.0000E+00
DZ-Motion   [m] of Body: H302                          4.6522E-04
RX-Motion [deg] of Body: H302                          1.4717E-03
RY-Motion [deg] of Body: H302                          9.6642E-20
RZ-Motion [deg] of Body: H302                          0.0000E+00
DX-Motion   [m] of Body: Sleipnir                     -1.7064E-02
DY-Motion   [m] of Body: Sleipnir                     -4.1170E-03
DZ-Motion   [m] of Body: Sleipnir                     -1.6345E-01
RX-Motion [deg] of Body: Sleipnir                     -2.1616E-01
RY-Motion [deg] of Body: Sleipnir                      3.3857E-01
RZ-Motion [deg] of Body: Sleipnir                     -1.4941E-01
